<?xml version="1.0" encoding="UTF-8"?>
<testng-results skipped="0" failed="0" total="1" passed="1">
  <reporter-output>
  </reporter-output>
  <suite name="com.ankur.work.eBosTest" duration-ms="19814" started-at="2016-02-19T16:56:31Z" finished-at="2016-02-19T16:56:51Z">
    <groups>
    </groups>
    <test name="Command line test" duration-ms="19814" started-at="2016-02-19T16:56:31Z" finished-at="2016-02-19T16:56:51Z">
      <class name="com.ankur.work.eBosTest">
        <test-method status="PASS" signature="testapp()[pri:0, instance:com.ankur.work.eBosTest@246ae04d]" name="testapp" duration-ms="19780" started-at="2016-02-19T10:56:31Z" finished-at="2016-02-19T10:56:51Z">
          <reporter-output>
          </reporter-output>
        </test-method> <!-- testapp -->
      </class> <!-- com.ankur.work.eBosTest -->
    </test> <!-- Command line test -->
  </suite> <!-- com.ankur.work.eBosTest -->
</testng-results>
