<?xml version="1.0" encoding="UTF-8"?>
<testng-results skipped="0" failed="0" total="1" passed="1">
  <reporter-output>
  </reporter-output>
  <suite name="Default suite" duration-ms="86112" started-at="2016-02-19T16:52:44Z" finished-at="2016-02-19T16:54:10Z">
    <groups>
    </groups>
    <test name="Default test" duration-ms="86112" started-at="2016-02-19T16:52:44Z" finished-at="2016-02-19T16:54:10Z">
      <class name="com.ankur.work.eBosTest">
        <test-method status="PASS" signature="testapp()[pri:0, instance:com.ankur.work.eBosTest@19bb089b]" name="testapp" duration-ms="86091" started-at="2016-02-19T10:52:44Z" finished-at="2016-02-19T10:54:10Z">
          <reporter-output>
          </reporter-output>
        </test-method> <!-- testapp -->
      </class> <!-- com.ankur.work.eBosTest -->
    </test> <!-- Default test -->
  </suite> <!-- Default suite -->
</testng-results>
